[debug] [2020-06-03T23:35:40.859Z] ----------------------------------------------------------------------
[debug] [2020-06-03T23:35:40.869Z] Command:       C:\Program Files\nodejs\node.exe C:\Users\Ananda e Aline\AppData\Roaming\npm\node_modules\firebase-tools\lib\bin\firebase.js deploy
[debug] [2020-06-03T23:35:40.870Z] CLI Version:   6.8.0
[debug] [2020-06-03T23:35:40.870Z] Platform:      win32
[debug] [2020-06-03T23:35:40.871Z] Node Version:  v12.13.0
[debug] [2020-06-03T23:35:40.876Z] Time:          Wed Jun 03 2020 20:35:40 GMT-0300 (GMT-03:00)
[debug] [2020-06-03T23:35:40.876Z] ----------------------------------------------------------------------
[debug] 
[debug] [2020-06-03T23:35:40.993Z] > command requires scopes: ["email","openid","https://www.googleapis.com/auth/cloudplatformprojects.readonly","https://www.googleapis.com/auth/firebase","https://www.googleapis.com/auth/cloud-platform"]
[debug] [2020-06-03T23:35:40.996Z] > authorizing via signed-in user
[debug] [2020-06-03T23:35:40.997Z] [iam] checking project social-net-lab for permissions ["cloudfunctions.functions.create","cloudfunctions.functions.delete","cloudfunctions.functions.get","cloudfunctions.functions.list","cloudfunctions.functions.update","cloudfunctions.operations.get","firebase.projects.get","firebasehosting.sites.update"]
[debug] [2020-06-03T23:35:41.013Z] >>> HTTP REQUEST POST https://cloudresourcemanager.googleapis.com/v1/projects/social-net-lab:testIamPermissions  

[debug] [2020-06-03T23:35:43.601Z] <<< HTTP RESPONSE 200
[debug] [2020-06-03T23:35:43.611Z] >>> HTTP REQUEST GET https://firebase.googleapis.com/v1beta1/projects/social-net-lab  
 
[debug] [2020-06-03T23:35:44.233Z] <<< HTTP RESPONSE 200
[debug] [2020-06-03T23:36:01.425Z] TypeError: Cannot read property 'wanted' of undefined
    at C:\Users\Ananda e Aline\AppData\Roaming\npm\node_modules\firebase-tools\lib\checkFirebaseSDKVersion.js:37:51
    at processTicksAndRejections (internal/process/task_queues.js:93:5)
[error] 
[error] Error: An unexpected error has occurred.
